<?xml version="1.0" encoding="UTF-8"?>
<testng-results skipped="0" failed="0" total="1" passed="1">
  <reporter-output>
  </reporter-output>
  <suite name="Default suite" duration-ms="40" started-at="2017-06-11T22:58:32Z" finished-at="2017-06-11T22:58:32Z">
    <groups>
    </groups>
    <test name="Default test" duration-ms="40" started-at="2017-06-11T22:58:32Z" finished-at="2017-06-11T22:58:32Z">
      <class name="practice_misc.AssertFailureScreenShotTestNG">
        <test-method status="PASS" signature="teststackquestion()[pri:0, instance:practice_misc.AssertFailureScreenShotTestNG@458ad742]" name="teststackquestion" duration-ms="10" started-at="2017-06-11T23:58:32Z" finished-at="2017-06-11T23:58:32Z">
          <reporter-output>
          </reporter-output>
        </test-method> <!-- teststackquestion -->
        <test-method status="PASS" signature="afterMethod(org.testng.ITestResult)[pri:0, instance:practice_misc.AssertFailureScreenShotTestNG@458ad742]" name="afterMethod" is-config="true" duration-ms="0" started-at="2017-06-11T23:58:32Z" finished-at="2017-06-11T23:58:32Z">
          <params>
            <param index="0">
              <value>
                <![CDATA[[TestResult name=teststackquestion status=SUCCESS method=AssertFailureScreenShotTestNG.teststackquestion()[pri:0, instance:practice_misc.AssertFailureScreenShotTestNG@458ad742] output={null}]]]>
              </value>
            </param>
          </params>
          <reporter-output>
          </reporter-output>
        </test-method> <!-- afterMethod -->
      </class> <!-- practice_misc.AssertFailureScreenShotTestNG -->
    </test> <!-- Default test -->
  </suite> <!-- Default suite -->
</testng-results>
