<?xml version="1.0" encoding="UTF-8"?>
<!-- Generated by org.testng.reporters.JUnitXMLReporter -->
<testsuite hostname="satpc" name="Login_Parameterisation_Test" tests="3" failures="0" timestamp="9 Jun 2017 18:57:12 GMT" time="16.394" errors="0">
  <testcase name="method1" time="0.018" classname="practice_misc.TestNG_XML_Parameters"/>
  <testcase name="login" time="13.507" classname="practice_misc.TestNG_XML_Parameters"/>
  <testcase name="logout" time="2.847" classname="practice_misc.TestNG_XML_Parameters"/>
</testsuite> <!-- Login_Parameterisation_Test -->
